c:\users\ваня\downloads\telegram desktop\grafika_lab2-master(60)\grafika_lab2-master(60)\openglrememberproj\debug\vc143.pdb
c:\users\ваня\downloads\telegram desktop\grafika_lab2-master(60)\grafika_lab2-master(60)\openglrememberproj\debug\vc143.idb
c:\users\ваня\downloads\telegram desktop\grafika_lab2-master(60)\grafika_lab2-master(60)\openglrememberproj\debug\render.obj
c:\users\ваня\downloads\telegram desktop\grafika_lab2-master(60)\grafika_lab2-master(60)\openglrememberproj\debug\primitivesstatic.obj
c:\users\ваня\downloads\telegram desktop\grafika_lab2-master(60)\grafika_lab2-master(60)\openglrememberproj\debug\primitives.obj
c:\users\ваня\downloads\telegram desktop\grafika_lab2-master(60)\grafika_lab2-master(60)\openglrememberproj\debug\openglrememberproj.obj
c:\users\ваня\downloads\telegram desktop\grafika_lab2-master(60)\grafika_lab2-master(60)\openglrememberproj\debug\object.obj
c:\users\ваня\downloads\telegram desktop\grafika_lab2-master(60)\grafika_lab2-master(60)\openglrememberproj\debug\myogl.obj
c:\users\ваня\downloads\telegram desktop\grafika_lab2-master(60)\grafika_lab2-master(60)\openglrememberproj\debug\guitextrectangle.obj
c:\users\ваня\downloads\telegram desktop\grafika_lab2-master(60)\grafika_lab2-master(60)\openglrememberproj\debug\openglrememberproj.ilk
c:\users\ваня\downloads\telegram desktop\grafika_lab2-master(60)\grafika_lab2-master(60)\debug\openglrememberproj.exe
c:\users\ваня\downloads\telegram desktop\grafika_lab2-master(60)\grafika_lab2-master(60)\debug\openglrememberproj.pdb
c:\users\ваня\downloads\telegram desktop\grafika_lab2-master(60)\grafika_lab2-master(60)\openglrememberproj\debug\openglrememberproj.res
c:\users\ваня\downloads\telegram desktop\grafika_lab2-master(60)\grafika_lab2-master(60)\openglrememberproj\debug\openglre.c624775c.tlog\cl.command.1.tlog
c:\users\ваня\downloads\telegram desktop\grafika_lab2-master(60)\grafika_lab2-master(60)\openglrememberproj\debug\openglre.c624775c.tlog\cl.read.1.tlog
c:\users\ваня\downloads\telegram desktop\grafika_lab2-master(60)\grafika_lab2-master(60)\openglrememberproj\debug\openglre.c624775c.tlog\cl.write.1.tlog
c:\users\ваня\downloads\telegram desktop\grafika_lab2-master(60)\grafika_lab2-master(60)\openglrememberproj\debug\openglre.c624775c.tlog\link.command.1.tlog
c:\users\ваня\downloads\telegram desktop\grafika_lab2-master(60)\grafika_lab2-master(60)\openglrememberproj\debug\openglre.c624775c.tlog\link.read.1.tlog
c:\users\ваня\downloads\telegram desktop\grafika_lab2-master(60)\grafika_lab2-master(60)\openglrememberproj\debug\openglre.c624775c.tlog\link.write.1.tlog
c:\users\ваня\downloads\telegram desktop\grafika_lab2-master(60)\grafika_lab2-master(60)\openglrememberproj\debug\openglre.c624775c.tlog\rc.command.1.tlog
c:\users\ваня\downloads\telegram desktop\grafika_lab2-master(60)\grafika_lab2-master(60)\openglrememberproj\debug\openglre.c624775c.tlog\rc.read.1.tlog
c:\users\ваня\downloads\telegram desktop\grafika_lab2-master(60)\grafika_lab2-master(60)\openglrememberproj\debug\openglre.c624775c.tlog\rc.write.1.tlog
